[debug] [2022-09-07T00:22:33.378Z] ----------------------------------------------------------------------
[debug] [2022-09-07T00:22:33.382Z] Command:       C:\Program Files\nodejs\node.exe C:\Users\alef2\AppData\Roaming\npm\node_modules\firebase-tools\lib\bin\firebase.js serve
[debug] [2022-09-07T00:22:33.383Z] CLI Version:   11.8.0
[debug] [2022-09-07T00:22:33.383Z] Platform:      win32
[debug] [2022-09-07T00:22:33.384Z] Node Version:  v16.16.0
[debug] [2022-09-07T00:22:33.406Z] Time:          Tue Sep 06 2022 21:22:33 GMT-0300 (hora estándar de Argentina)
[debug] [2022-09-07T00:22:33.406Z] ----------------------------------------------------------------------
[debug] 
[debug] [2022-09-07T00:22:33.637Z] > command requires scopes: ["email","openid","https://www.googleapis.com/auth/cloudplatformprojects.readonly","https://www.googleapis.com/auth/firebase","https://www.googleapis.com/auth/cloud-platform"]
[debug] [2022-09-07T00:22:33.638Z] > authorizing via signed-in user (alefer2k@gmail.com)
[debug] [2022-09-07T00:22:33.638Z] [iam] checking project frontendalef for permissions ["firebase.projects.get"]
[debug] [2022-09-07T00:22:33.640Z] > refreshing access token with scopes: []
[debug] [2022-09-07T00:22:33.643Z] >>> [apiv2][query] POST https://www.googleapis.com/oauth2/v3/token [none]
[debug] [2022-09-07T00:22:33.644Z] >>> [apiv2][body] POST https://www.googleapis.com/oauth2/v3/token [omitted]
[debug] [2022-09-07T00:22:34.038Z] <<< [apiv2][status] POST https://www.googleapis.com/oauth2/v3/token 200
[debug] [2022-09-07T00:22:34.039Z] <<< [apiv2][body] POST https://www.googleapis.com/oauth2/v3/token [omitted]
[debug] [2022-09-07T00:22:34.059Z] >>> [apiv2][query] POST https://cloudresourcemanager.googleapis.com/v1/projects/frontendalef:testIamPermissions [none]
[debug] [2022-09-07T00:22:34.060Z] >>> [apiv2][(partial)header] POST https://cloudresourcemanager.googleapis.com/v1/projects/frontendalef:testIamPermissions x-goog-quota-user=projects/frontendalef
[debug] [2022-09-07T00:22:34.061Z] >>> [apiv2][body] POST https://cloudresourcemanager.googleapis.com/v1/projects/frontendalef:testIamPermissions {"permissions":["firebase.projects.get"]}
[debug] [2022-09-07T00:22:34.945Z] <<< [apiv2][status] POST https://cloudresourcemanager.googleapis.com/v1/projects/frontendalef:testIamPermissions 200
[debug] [2022-09-07T00:22:34.945Z] <<< [apiv2][body] POST https://cloudresourcemanager.googleapis.com/v1/projects/frontendalef:testIamPermissions {"permissions":["firebase.projects.get"]}
[debug] [2022-09-07T00:22:34.947Z] >>> [apiv2][query] GET https://firebase.googleapis.com/v1beta1/projects/frontendalef [none]
